<?xml version="1.0" encoding="UTF-8"?>
<!-- Generated by org.testng.reporters.JUnitReportReporter -->
<testsuite hostname="DESKTOP-S28FG7M" failures="0" tests="1" name="TestCaseFile.TestCaseClass" time="4.818" errors="0" timestamp="2024-04-30T15:10:57 IST" skipped="0">
  <testcase classname="TestCaseFile.TestCaseClass" name="login" time="4.818"/>
  <system-out/>
</testsuite> <!-- TestCaseFile.TestCaseClass -->
